<?xml version="1.0" encoding="UTF-8" ?>
<testsuites name="vitest tests" tests="5" failures="0" errors="0" time="1.504391091">
    <testsuite name="tests/app.test.ts" timestamp="2026-03-30T14:48:24.704Z" hostname="runnervmrg6be" tests="5" failures="0" errors="0" skipped="0" time="1.504391091">
        <testcase classname="tests/app.test.ts" name="auth &gt; should login successfully" time="0.001059609">
        </testcase>
        <testcase classname="tests/app.test.ts" name="payments &gt; should charge card" time="1.501226478">
        </testcase>
        <testcase classname="tests/app.test.ts" name="profile &gt; should load user data" time="0.000194726">
        </testcase>
        <testcase classname="tests/app.test.ts" name="notifications &gt; should send email" time="0.000158739">
        </testcase>
        <testcase classname="tests/app.test.ts" name="settings &gt; should save preferences" time="0.000110827">
        </testcase>
    </testsuite>
</testsuites>
